<?xml version="1.0" encoding="UTF-8"?>
<testng-results ignored="0" total="2" passed="2" failed="0" skipped="0">
  <reporter-output>
  </reporter-output>
  <suite started-at="2022-03-09T10:32:27 EET" name="Command line suite" finished-at="2022-03-09T10:33:38 EET" duration-ms="70408">
    <groups>
    </groups>
    <test started-at="2022-03-09T10:32:27 EET" name="Command line test" finished-at="2022-03-09T10:33:38 EET" duration-ms="70408">
      <class name="com.nans.devops.jenkins.SeleniumTest">
        <test-method signature="YoutubeSearch()[pri:0, instance:com.nans.devops.jenkins.SeleniumTest@4af0df05]" started-at="2022-03-09T10:32:28 EET" name="YoutubeSearch" finished-at="2022-03-09T10:33:38 EET" duration-ms="70314" status="PASS">
          <reporter-output>
          </reporter-output>
        </test-method> <!-- YoutubeSearch -->
      </class> <!-- com.nans.devops.jenkins.SeleniumTest -->
      <class name="com.nans.devops.jenkins.JenkinsClassTest">
        <test-method signature="addTest()[pri:0, instance:com.nans.devops.jenkins.JenkinsClassTest@2807bdeb]" started-at="2022-03-09T10:32:28 EET" name="addTest" finished-at="2022-03-09T10:32:28 EET" duration-ms="12" status="PASS">
          <reporter-output>
          </reporter-output>
        </test-method> <!-- addTest -->
      </class> <!-- com.nans.devops.jenkins.JenkinsClassTest -->
    </test> <!-- Command line test -->
  </suite> <!-- Command line suite -->
</testng-results>
